  main.c
C:\Users\USER\Desktop\Assignment redo\PCD 2\Recretional club system\staff.c(334,9): warning C4013: 'getch' undefined; assuming extern returning int
C:\Users\USER\Desktop\Assignment redo\PCD 2\Recretional club system\staff.c(398,10): warning C4129: 'M': unrecognized character escape sequence
C:\Users\USER\Desktop\Assignment redo\PCD 2\Recretional club system\staff.c(479,14): warning C4129: 'M': unrecognized character escape sequence
C:\Users\USER\Desktop\Assignment redo\PCD 2\Recretional club system\staff.c(611,14): warning C4129: 'M': unrecognized character escape sequence
C:\Users\USER\Desktop\Assignment redo\PCD 2\Recretional club system\staff.c(1560,20): warning C4552: '+': result of expression not used
C:\Users\USER\Desktop\Assignment redo\PCD 2\Recretional club system\staff.c(2058,73): warning C4013: 'countTotalStaffRecord' undefined; assuming extern returning int
C:\Users\USER\Desktop\Assignment redo\PCD 2\Recretional club system\staff.c(2055,8): warning C4101: 'staff': unreferenced local variable
C:\Users\USER\Desktop\Assignment redo\PCD 2\Recretional club system\staff.c(2163,3): warning C4033: 'countTotalLeaveRecord' must return a value
C:\Users\USER\Desktop\Assignment redo\PCD 2\Recretional club system\staff.c(2182,3): warning C4033: 'countTotalStaffRecord' must return a value
C:\Users\USER\Desktop\Assignment redo\PCD 2\Recretional club system\facility.c(240,10): warning C4129: 'S': unrecognized character escape sequence
C:\Users\USER\Desktop\Assignment redo\PCD 2\Recretional club system\facility.c(460,10): warning C4129: 'M': unrecognized character escape sequence
C:\Users\USER\Desktop\Assignment redo\PCD 2\Recretional club system\facility.c(704,26): warning C4013: 'extractCurrentIDNo' undefined; assuming extern returning int
C:\Users\USER\Desktop\Assignment redo\PCD 2\Recretional club system\facility.c(1669,4): warning C4550: expression evaluates to a function which is missing an argument list
C:\Users\USER\Desktop\Assignment redo\PCD 2\Recretional club system\member.c(92,10): warning C4129: 'M': unrecognized character escape sequence
C:\Users\USER\Desktop\Assignment redo\PCD 2\Recretional club system\member.c(236,57): warning C4047: '==': 'char [13]' differs in levels of indirection from 'int'
C:\Users\USER\Desktop\Assignment redo\PCD 2\Recretional club system\member.c(327,10): warning C4129: 'S': unrecognized character escape sequence
C:\Users\USER\Desktop\Assignment redo\PCD 2\Recretional club system\member.c(445,10): warning C4129: 'M': unrecognized character escape sequence
C:\Users\USER\Desktop\Assignment redo\PCD 2\Recretional club system\member.c(1071,9): warning C4129: 'M': unrecognized character escape sequence
C:\Users\USER\Desktop\Assignment redo\PCD 2\Recretional club system\booking.c(5,10): warning C4067: unexpected tokens following preprocessor directive - expected a newline
C:\Users\USER\Desktop\Assignment redo\PCD 2\Recretional club system\booking.c(586,10): warning C4129: 'W': unrecognized character escape sequence
C:\Users\USER\Desktop\Assignment redo\PCD 2\Recretional club system\booking.c(605,9): warning C4129: 'W': unrecognized character escape sequence
C:\Users\USER\Desktop\Assignment redo\PCD 2\Recretional club system\booking.c(855,7): warning C4101: 'newID': unreferenced local variable
C:\Users\USER\Desktop\Assignment redo\PCD 2\Recretional club system\booking.c(906,7): warning C4101: 'newID': unreferenced local variable
C:\Users\USER\Desktop\Assignment redo\PCD 2\Recretional club system\main.c(256,45): warning C4101: 'invalidPW': unreferenced local variable
C:\Users\USER\Desktop\Assignment redo\PCD 2\Recretional club system\staff.c(2171): warning C4715: 'countTotalLeaveRecord': not all control paths return a value
C:\Users\USER\Desktop\Assignment redo\PCD 2\Recretional club system\staff.c(2190): warning C4715: 'countTotalStaffRecord': not all control paths return a value
  Project1.vcxproj -> C:\Users\USER\Desktop\Assignment redo\PCD 2\Recretional club system\x64\Debug\Project1.exe
